#-----------------------------------------------------------
# Vivado v2018.2 (64-bit)
# SW Build 2258646 on Thu Jun 14 20:02:38 MDT 2018
# IP Build 2256618 on Thu Jun 14 22:10:49 MDT 2018
# Start of session at: Tue Feb  4 10:15:10 2025
# Process ID: 5778
# Current directory: /home/haoyu/workspace/riscv/riscvBoy
# Command line: vivado
# Log file: /home/haoyu/workspace/riscv/riscvBoy/vivado.log
# Journal file: /home/haoyu/workspace/riscv/riscvBoy/vivado.jou
#-----------------------------------------------------------
start_gui
open_project /home/haoyu/workspace/riscv/riscvBoy/fpga/example/example.xpr
Scanning sources...
Finished scanning sources
INFO: [IP_Flow 19-234] Refreshing IP repositories
INFO: [IP_Flow 19-1704] No user IP repositories specified
INFO: [IP_Flow 19-2313] Loaded Vivado IP repository '/opt/Xilinx/Vivado/2018.2/data/ip'.
INFO: [Common 17-41] Interrupt caught. Command should exit soon.
INFO: [Common 17-344] 'open_project' was cancelled
exit
INFO: [Common 17-206] Exiting Vivado at Tue Feb  4 10:38:00 2025...
