#! /usr/local/bin/vvp
:ivl_version "11.0 (stable)" "(v11_0-132-gb2f2414f4)";
:ivl_delay_selection "TYPICAL";
:vpi_time_precision + 0;
:vpi_module "/usr/local/lib/ivl/system.vpi";
:vpi_module "/usr/local/lib/ivl/vhdl_sys.vpi";
:vpi_module "/usr/local/lib/ivl/vhdl_textio.vpi";
:vpi_module "/usr/local/lib/ivl/v2005_math.vpi";
:vpi_module "/usr/local/lib/ivl/va_math.vpi";
S_0x560389ada560 .scope module, "bin2gray" "bin2gray" 2 1;
 .timescale 0 0;
    .port_info 0 /INPUT 4 "bin";
    .port_info 1 /OUTPUT 4 "gray";
P_0x560389ada6f0 .param/l "SIZE" 0 2 2, +C4<00000000000000000000000000000100>;
o0x7f07b186b018 .functor BUFZ 4, C4<zzzz>; HiZ drive
v0x560389ada7b0_0 .net "bin", 3 0, o0x7f07b186b018;  0 drivers
v0x560389b210a0_0 .var "gray", 3 0;
E_0x560389adad40 .event edge, v0x560389ada7b0_0;
    .scope S_0x560389ada560;
T_0 ;
    %wait E_0x560389adad40;
    %load/vec4 v0x560389ada7b0_0;
    %ix/load 4, 1, 0;
    %flag_set/imm 4, 0;
    %shiftr 4;
    %load/vec4 v0x560389ada7b0_0;
    %xor;
    %store/vec4 v0x560389b210a0_0, 0, 4;
    %jmp T_0;
    .thread T_0, $push;
# The file index is used to find the file name in the following table.
:file_names 3;
    "N/A";
    "<interactive>";
    "bin2gray.v";
