#-----------------------------------------------------------
# Vivado v2018.2 (64-bit)
# SW Build 2258646 on Thu Jun 14 20:02:38 MDT 2018
# IP Build 2256618 on Thu Jun 14 22:10:49 MDT 2018
# Start of session at: Tue Feb  4 09:04:04 2025
# Process ID: 561
# Current directory: /home/haoyu/workspace/riscv/riscvBoy/fpga
# Command line: vivado
# Log file: /home/haoyu/workspace/riscv/riscvBoy/fpga/vivado.log
# Journal file: /home/haoyu/workspace/riscv/riscvBoy/fpga/vivado.jou
#-----------------------------------------------------------
start_gui
open_project /home/haoyu/workspace/riscv/riscvBoy/fpga/example/example.xpr
Scanning sources...
Finished scanning sources
INFO: [IP_Flow 19-234] Refreshing IP repositories
INFO: [IP_Flow 19-1704] No user IP repositories specified
INFO: [IP_Flow 19-2313] Loaded Vivado IP repository '/opt/Xilinx/Vivado/2018.2/data/ip'.
open_project: Time (s): cpu = 00:00:15 ; elapsed = 00:00:10 . Memory (MB): peak = 6153.395 ; gain = 150.473 ; free physical = 1485 ; free virtual = 3801
update_compile_order -fileset sources_1
reset_run synth_1
launch_runs synth_1 -jobs 2
[Tue Feb  4 09:05:36 2025] Launched synth_1...
Run output will be captured here: /home/haoyu/workspace/riscv/riscvBoy/fpga/example/example.runs/synth_1/runme.log
open_run synth_1 -name synth_1
Design is defaulting to impl run constrset: constrs_1
Design is defaulting to synth run part: xa7a15tcpg236-2I
INFO: [Netlist 29-17] Analyzing 13 Unisim elements for replacement
INFO: [Netlist 29-28] Unisim Transformation completed in 0 CPU seconds
INFO: [Project 1-479] Netlist was created with Vivado 2018.2
INFO: [Device 21-403] Loading part xa7a15tcpg236-2I
INFO: [Project 1-570] Preparing netlist for logic optimization
INFO: [Opt 31-138] Pushed 0 inverter(s) to 0 load pin(s).
INFO: [Project 1-111] Unisim Transformation Summary:
No Unisim elements were transformed.

open_run: Time (s): cpu = 00:00:18 ; elapsed = 00:00:25 . Memory (MB): peak = 6495.113 ; gain = 301.711 ; free physical = 977 ; free virtual = 3354
